Running: D:\Xilinx\14.7\ISE_DS\ISE\bin\nt64\unwrapped\fuse.exe -intstyle ise -incremental -lib unisims_ver -lib unimacro_ver -lib xilinxcorelib_ver -lib secureip -o D:/Hai Document/Xilinx/Lab3_ControlUnit/Control_Unit_Tester_isim_beh.exe -prj D:/Hai Document/Xilinx/Lab3_ControlUnit/Control_Unit_Tester_beh.prj work.Control_Unit_Tester work.glbl 
ISim P.20131013 (signature 0x7708f090)
Number of CPUs detected in this system: 8
Turning on mult-threading, number of parallel sub-compilation jobs: 16 
Determining compilation order of HDL files
Analyzing Verilog file "D:/Hai Document/Xilinx/Lab3_ControlUnit/Main_Decoder.v" into library work
Analyzing Verilog file "D:/Hai Document/Xilinx/Lab3_ControlUnit/ALU_Decoder.v" into library work
Analyzing Verilog file "D:/Hai Document/Xilinx/Lab3_ControlUnit/Control_Unit.v" into library work
Analyzing Verilog file "D:/Hai Document/Xilinx/Lab3_ControlUnit/Control_Unit_Tester.v" into library work
Analyzing Verilog file "D:/Xilinx/14.7/ISE_DS/ISE//verilog/src/glbl.v" into library work
Starting static elaboration
Completed static elaboration
Compiling module ALU_Decoder
Compiling module Main_Decoder
Compiling module Control_Unit
Compiling module Control_Unit_Tester
Compiling module glbl
Time Resolution for simulation is 1ps.
Waiting for 1 sub-compilation(s) to finish...
Compiled 5 Verilog Units
Built simulation executable D:/Hai Document/Xilinx/Lab3_ControlUnit/Control_Unit_Tester_isim_beh.exe
Fuse Memory Usage: 28644 KB
Fuse CPU Usage: 1061 ms
