Running: C:\Xilinx_ISE_14.7\14.7\ISE_DS\ISE\bin\nt64\unwrapped\fuse.exe -intstyle ise -incremental -lib unisims_ver -lib unimacro_ver -lib xilinxcorelib_ver -lib secureip -o C:/Users/013256189/Lab_2_RCA8/RCA8_Tester_isim_beh.exe -prj C:/Users/013256189/Lab_2_RCA8/RCA8_Tester_beh.prj work.RCA8_Tester work.glbl 
ISim P.20131013 (signature 0x7708f090)
Number of CPUs detected in this system: 4
Turning on mult-threading, number of parallel sub-compilation jobs: 8 
Determining compilation order of HDL files
Analyzing Verilog file "C:/Users/013256189/Lab_2_RCA8/HalfAdder.v" into library work
Analyzing Verilog file "C:/Users/013256189/Lab_2_RCA8/FullAdder.v" into library work
Analyzing Verilog file "C:/Users/013256189/Lab_2_RCA8/RCA8.v" into library work
Analyzing Verilog file "C:/Users/013256189/Lab_2_RCA8/RCA8_Tester.v" into library work
Analyzing Verilog file "C:/Xilinx_ISE_14.7/14.7/ISE_DS/ISE//verilog/src/glbl.v" into library work
Starting static elaboration
Completed static elaboration
Compiling module HalfAdder
Compiling module FullAdder
Compiling module RCA8
Compiling module RCA8_Tester
Compiling module glbl
Time Resolution for simulation is 1ps.
Waiting for 1 sub-compilation(s) to finish...
Compiled 5 Verilog Units
Built simulation executable C:/Users/013256189/Lab_2_RCA8/RCA8_Tester_isim_beh.exe
Fuse Memory Usage: 27260 KB
Fuse CPU Usage: 326 ms
