Release 14.7 - xst P.20131013 (nt64)
Copyright (c) 1995-2013 Xilinx, Inc.  All rights reserved.
--> Parameter TMPDIR set to xst/projnav.tmp


Total REAL time to Xst completion: 0.00 secs
Total CPU time to Xst completion: 0.08 secs
 
--> Parameter xsthdpdir set to xst


Total REAL time to Xst completion: 0.00 secs
Total CPU time to Xst completion: 0.08 secs
 
--> Reading design: ALU.prj

TABLE OF CONTENTS
  1) Synthesis Options Summary
  2) HDL Parsing
  3) HDL Elaboration
  4) HDL Synthesis
       4.1) HDL Synthesis Report
  5) Advanced HDL Synthesis
       5.1) Advanced HDL Synthesis Report
  6) Low Level Synthesis
  7) Partition Report
  8) Design Summary
       8.1) Primitive and Black Box Usage
       8.2) Device utilization summary
       8.3) Partition Resource Summary
       8.4) Timing Report
            8.4.1) Clock Information
            8.4.2) Asynchronous Control Signals Information
            8.4.3) Timing Summary
            8.4.4) Timing Details
            8.4.5) Cross Clock Domains Report


=========================================================================
*                      Synthesis Options Summary                        *
=========================================================================
---- Source Parameters
Input File Name                    : "ALU.prj"
Ignore Synthesis Constraint File   : NO

---- Target Parameters
Output File Name                   : "ALU"
Output Format                      : NGC
Target Device                      : xc7a100t-3-csg324

---- Source Options
Top Module Name                    : ALU
Automatic FSM Extraction           : YES
FSM Encoding Algorithm             : Auto
Safe Implementation                : No
FSM Style                          : LUT
RAM Extraction                     : Yes
RAM Style                          : Auto
ROM Extraction                     : Yes
Shift Register Extraction          : YES
ROM Style                          : Auto
Resource Sharing                   : YES
Asynchronous To Synchronous        : NO
Shift Register Minimum Size        : 2
Use DSP Block                      : Auto
Automatic Register Balancing       : No

---- Target Options
LUT Combining                      : Auto
Reduce Control Sets                : Auto
Add IO Buffers                     : YES
Global Maximum Fanout              : 100000
Add Generic Clock Buffer(BUFG)     : 32
Register Duplication               : YES
Optimize Instantiated Primitives   : NO
Use Clock Enable                   : Auto
Use Synchronous Set                : Auto
Use Synchronous Reset              : Auto
Pack IO Registers into IOBs        : Auto
Equivalent register Removal        : YES

---- General Options
Optimization Goal                  : Speed
Optimization Effort                : 1
Power Reduction                    : NO
Keep Hierarchy                     : No
Netlist Hierarchy                  : As_Optimized
RTL Output                         : Yes
Global Optimization                : AllClockNets
Read Cores                         : YES
Write Timing Constraints           : NO
Cross Clock Analysis               : NO
Hierarchy Separator                : /
Bus Delimiter                      : <>
Case Specifier                     : Maintain
Slice Utilization Ratio            : 100
BRAM Utilization Ratio             : 100
DSP48 Utilization Ratio            : 100
Auto BRAM Packing                  : NO
Slice Utilization Ratio Delta      : 5

=========================================================================


=========================================================================
*                          HDL Parsing                                  *
=========================================================================
Analyzing Verilog file "D:\Workspace\CECS 225\Lab4_ALU\HalfAdder.v" into library work
Parsing module <HalfAdder>.
Analyzing Verilog file "D:\Workspace\CECS 225\Lab4_ALU\FullAdder.v" into library work
Parsing module <FullAdder>.
Analyzing Verilog file "D:\Workspace\CECS 225\Lab4_ALU\RCA8.v" into library work
Parsing module <RCA8>.
Analyzing Verilog file "D:\Workspace\CECS 225\Lab4_ALU\Subtracter_32.v" into library work
Parsing module <Subtracter_32>.
Analyzing Verilog file "D:\Workspace\CECS 225\Lab4_ALU\SetLessThan_32.v" into library work
Parsing module <SetLessThan_32>.
Analyzing Verilog file "D:\Workspace\CECS 225\Lab4_ALU\OR_32.v" into library work
Parsing module <OR_32>.
Analyzing Verilog file "D:\Workspace\CECS 225\Lab4_ALU\Mux8to1_32bit.v" into library work
Parsing module <Mux8to1_32bit>.
Analyzing Verilog file "D:\Workspace\CECS 225\Lab4_ALU\AND_32.v" into library work
Parsing module <AND_32>.
Analyzing Verilog file "D:\Workspace\CECS 225\Lab4_ALU\Adder_32.v" into library work
Parsing module <Adder_32>.
Analyzing Verilog file "D:\Workspace\CECS 225\Lab4_ALU\ALU.v" into library work
Parsing module <ALU>.

=========================================================================
*                            HDL Elaboration                            *
=========================================================================

Elaborating module <ALU>.

Elaborating module <AND_32>.

Elaborating module <OR_32>.

Elaborating module <Adder_32>.

Elaborating module <RCA8>.

Elaborating module <FullAdder>.

Elaborating module <HalfAdder>.

Elaborating module <Subtracter_32>.

Elaborating module <SetLessThan_32>.

Elaborating module <Mux8to1_32bit>.

=========================================================================
*                           HDL Synthesis                               *
=========================================================================

Synthesizing Unit <ALU>.
    Related source file is "D:\Workspace\CECS 225\Lab4_ALU\ALU.v".
    Summary:
	no macro.
Unit <ALU> synthesized.

Synthesizing Unit <AND_32>.
    Related source file is "D:\Workspace\CECS 225\Lab4_ALU\AND_32.v".
    Summary:
	no macro.
Unit <AND_32> synthesized.

Synthesizing Unit <OR_32>.
    Related source file is "D:\Workspace\CECS 225\Lab4_ALU\OR_32.v".
    Summary:
	no macro.
Unit <OR_32> synthesized.

Synthesizing Unit <Adder_32>.
    Related source file is "D:\Workspace\CECS 225\Lab4_ALU\Adder_32.v".
INFO:Xst:3210 - "D:\Workspace\CECS 225\Lab4_ALU\Adder_32.v" line 26: Output port <Cout> of the instance <rca8_3> is unconnected or connected to loadless signal.
    Summary:
	no macro.
Unit <Adder_32> synthesized.

Synthesizing Unit <RCA8>.
    Related source file is "D:\Workspace\CECS 225\Lab4_ALU\RCA8.v".
    Summary:
	no macro.
Unit <RCA8> synthesized.

Synthesizing Unit <FullAdder>.
    Related source file is "D:\Workspace\CECS 225\Lab4_ALU\FullAdder.v".
    Summary:
	no macro.
Unit <FullAdder> synthesized.

Synthesizing Unit <HalfAdder>.
    Related source file is "D:\Workspace\CECS 225\Lab4_ALU\HalfAdder.v".
    Summary:
Unit <HalfAdder> synthesized.

Synthesizing Unit <Subtracter_32>.
    Related source file is "D:\Workspace\CECS 225\Lab4_ALU\Subtracter_32.v".
    Found 32-bit subtractor for signal <difference> created at line 7.
    Summary:
	inferred   1 Adder/Subtractor(s).
Unit <Subtracter_32> synthesized.

Synthesizing Unit <SetLessThan_32>.
    Related source file is "D:\Workspace\CECS 225\Lab4_ALU\SetLessThan_32.v".
    Found 32-bit comparator greater for signal <argA[31]_argB[31]_LessThan_1_o> created at line 7
    Summary:
	inferred   1 Comparator(s).
Unit <SetLessThan_32> synthesized.

Synthesizing Unit <Mux8to1_32bit>.
    Related source file is "D:\Workspace\CECS 225\Lab4_ALU\Mux8to1_32bit.v".
    Found 32-bit 5-to-1 multiplexer for signal <Out> created at line 11.
    Summary:
	inferred   1 Multiplexer(s).
Unit <Mux8to1_32bit> synthesized.

=========================================================================
HDL Synthesis Report

Macro Statistics
# Adders/Subtractors                                   : 1
 32-bit subtractor                                     : 1
# Comparators                                          : 1
 32-bit comparator greater                             : 1
# Multiplexers                                         : 1
 32-bit 5-to-1 multiplexer                             : 1
# Xors                                                 : 64
 1-bit xor2                                            : 64

=========================================================================

=========================================================================
*                       Advanced HDL Synthesis                          *
=========================================================================


=========================================================================
Advanced HDL Synthesis Report

Macro Statistics
# Adders/Subtractors                                   : 1
 32-bit subtractor                                     : 1
# Comparators                                          : 1
 32-bit comparator greater                             : 1
# Multiplexers                                         : 1
 32-bit 5-to-1 multiplexer                             : 1
# Xors                                                 : 64
 1-bit xor2                                            : 64

=========================================================================

=========================================================================
*                         Low Level Synthesis                           *
=========================================================================

Optimizing unit <ALU> ...

Optimizing unit <RCA8> ...

Mapping all equations...
Building and optimizing final netlist ...
Found area constraint ratio of 100 (+ 5) on block ALU, actual ratio is 0.

Final Macro Processing ...

=========================================================================
Final Register Report

Found no macro
=========================================================================

=========================================================================
*                           Partition Report                            *
=========================================================================

Partition Implementation Status
-------------------------------

  No Partitions were found in this design.

-------------------------------

=========================================================================
*                            Design Summary                             *
=========================================================================

Top Level Output File Name         : ALU.ngc

Primitive and Black Box Usage:
------------------------------
# BELS                             : 247
#      LUT2                        : 33
#      LUT4                        : 64
#      LUT5                        : 47
#      LUT6                        : 23
#      MUXCY                       : 46
#      MUXF7                       : 1
#      VCC                         : 1
#      XORCY                       : 32
# IO Buffers                       : 100
#      IBUF                        : 67
#      OBUF                        : 33

Device utilization summary:
---------------------------

Selected Device : 7a100tcsg324-3 


Slice Logic Utilization: 
 Number of Slice LUTs:                  167  out of  63400     0%  
    Number used as Logic:               167  out of  63400     0%  

Slice Logic Distribution: 
 Number of LUT Flip Flop pairs used:    167
   Number with an unused Flip Flop:     167  out of    167   100%  
   Number with an unused LUT:             0  out of    167     0%  
   Number of fully used LUT-FF pairs:     0  out of    167     0%  
   Number of unique control sets:         0

IO Utilization: 
 Number of IOs:                         100
 Number of bonded IOBs:                 100  out of    210    47%  

Specific Feature Utilization:

---------------------------
Partition Resource Summary:
---------------------------

  No Partitions were found in this design.

---------------------------


=========================================================================
Timing Report

NOTE: THESE TIMING NUMBERS ARE ONLY A SYNTHESIS ESTIMATE.
      FOR ACCURATE TIMING INFORMATION PLEASE REFER TO THE TRACE REPORT
      GENERATED AFTER PLACE-and-ROUTE.

Clock Information:
------------------
No clock signals found in this design

Asynchronous Control Signals Information:
----------------------------------------
No asynchronous control signals found in this design

Timing Summary:
---------------
Speed Grade: -3

   Minimum period: No path found
   Minimum input arrival time before clock: No path found
   Maximum output required time after clock: No path found
   Maximum combinational path delay: 9.641ns

Timing Details:
---------------
All values displayed in nanoseconds (ns)

=========================================================================
Timing constraint: Default path analysis
  Total number of paths / destination ports: 5818 / 33
-------------------------------------------------------------------------
Delay:               9.641ns (Levels of Logic = 20)
  Source:            A<1> (PAD)
  Destination:       Zero_Flag (PAD)

  Data Path: A<1> to Zero_Flag
                                Gate     Net
    Cell:in->out      fanout   Delay   Delay  Logical Name (Net Name)
    ----------------------------------------  ------------
     IBUF:I->O             5   0.001   0.575  A_1_IBUF (A_1_IBUF)
     LUT4:I0->O            3   0.097   0.389  _add/rca8_0/fa1/Cout1 (_add/rca8_0/c1)
     LUT5:I3->O            3   0.097   0.389  _add/rca8_0/fa3/Cout1 (_add/rca8_0/c3)
     LUT5:I3->O            3   0.097   0.389  _add/rca8_0/fa5/Cout1 (_add/rca8_0/c5)
     LUT5:I3->O            3   0.097   0.389  _add/rca8_0/fa7/Cout1 (_add/Carry0_1)
     LUT5:I3->O            3   0.097   0.389  _add/rca8_1/fa1/Cout1 (_add/rca8_1/c1)
     LUT5:I3->O            3   0.097   0.389  _add/rca8_1/fa3/Cout1 (_add/rca8_1/c3)
     LUT5:I3->O            3   0.097   0.389  _add/rca8_1/fa5/Cout1 (_add/rca8_1/c5)
     LUT5:I3->O            3   0.097   0.389  _add/rca8_1/fa7/Cout1 (_add/Carry1_2)
     LUT5:I3->O            3   0.097   0.389  _add/rca8_2/fa1/Cout1 (_add/rca8_2/c1)
     LUT5:I3->O            3   0.097   0.389  _add/rca8_2/fa3/Cout1 (_add/rca8_2/c3)
     LUT5:I3->O            3   0.097   0.389  _add/rca8_2/fa5/Cout1 (_add/rca8_2/c5)
     LUT5:I3->O            3   0.097   0.389  _add/rca8_2/fa7/Cout1 (_add/Carry2_3)
     LUT5:I3->O            3   0.097   0.389  _add/rca8_3/fa1/Cout1 (_add/rca8_3/c1)
     LUT5:I3->O            3   0.097   0.389  _add/rca8_3/fa3/Cout1 (_add/rca8_3/c3)
     LUT5:I3->O            2   0.097   0.384  _add/rca8_3/fa5/Cout1 (_add/rca8_3/c5)
     LUT5:I3->O            1   0.097   0.511  _m81/Mmux_Out241 (_m81/Mmux_Out24)
     LUT4:I1->O            2   0.097   0.697  _m81/Mmux_Out242 (Result_30_OBUF)
     LUT6:I0->O            1   0.097   0.279  Zero_Flag9 (Zero_Flag_OBUF)
     OBUF:I->O                 0.000          Zero_Flag_OBUF (Zero_Flag)
    ----------------------------------------
    Total                      9.641ns (1.747ns logic, 7.894ns route)
                                       (18.1% logic, 81.9% route)

=========================================================================

Cross Clock Domains Report:
--------------------------

=========================================================================


Total REAL time to Xst completion: 10.00 secs
Total CPU time to Xst completion: 9.92 secs
 
--> 

Total memory usage is 470860 kilobytes

Number of errors   :    0 (   0 filtered)
Number of warnings :    0 (   0 filtered)
Number of infos    :    1 (   0 filtered)

