Release 14.7 - xst P.20131013 (nt64)
Copyright (c) 1995-2013 Xilinx, Inc.  All rights reserved.
--> Parameter TMPDIR set to xst/projnav.tmp


Total REAL time to Xst completion: 0.00 secs
Total CPU time to Xst completion: 0.13 secs
 
--> Parameter xsthdpdir set to xst


Total REAL time to Xst completion: 0.00 secs
Total CPU time to Xst completion: 0.13 secs
 
--> Reading design: regfile.prj

TABLE OF CONTENTS
  1) Synthesis Options Summary
  2) HDL Parsing
  3) HDL Elaboration
  4) HDL Synthesis
       4.1) HDL Synthesis Report
  5) Advanced HDL Synthesis
       5.1) Advanced HDL Synthesis Report
  6) Low Level Synthesis
  7) Partition Report
  8) Design Summary
       8.1) Primitive and Black Box Usage
       8.2) Device utilization summary
       8.3) Partition Resource Summary
       8.4) Timing Report
            8.4.1) Clock Information
            8.4.2) Asynchronous Control Signals Information
            8.4.3) Timing Summary
            8.4.4) Timing Details
            8.4.5) Cross Clock Domains Report


=========================================================================
*                      Synthesis Options Summary                        *
=========================================================================
---- Source Parameters
Input File Name                    : "regfile.prj"
Ignore Synthesis Constraint File   : NO

---- Target Parameters
Output File Name                   : "regfile"
Output Format                      : NGC
Target Device                      : xc7a100t-3-csg324

---- Source Options
Top Module Name                    : regfile
Automatic FSM Extraction           : YES
FSM Encoding Algorithm             : Auto
Safe Implementation                : No
FSM Style                          : LUT
RAM Extraction                     : Yes
RAM Style                          : Auto
ROM Extraction                     : Yes
Shift Register Extraction          : YES
ROM Style                          : Auto
Resource Sharing                   : YES
Asynchronous To Synchronous        : NO
Shift Register Minimum Size        : 2
Use DSP Block                      : Auto
Automatic Register Balancing       : No

---- Target Options
LUT Combining                      : Auto
Reduce Control Sets                : Auto
Add IO Buffers                     : YES
Global Maximum Fanout              : 100000
Add Generic Clock Buffer(BUFG)     : 32
Register Duplication               : YES
Optimize Instantiated Primitives   : NO
Use Clock Enable                   : Auto
Use Synchronous Set                : Auto
Use Synchronous Reset              : Auto
Pack IO Registers into IOBs        : Auto
Equivalent register Removal        : YES

---- General Options
Optimization Goal                  : Speed
Optimization Effort                : 1
Power Reduction                    : NO
Keep Hierarchy                     : No
Netlist Hierarchy                  : As_Optimized
RTL Output                         : Yes
Global Optimization                : AllClockNets
Read Cores                         : YES
Write Timing Constraints           : NO
Cross Clock Analysis               : NO
Hierarchy Separator                : /
Bus Delimiter                      : <>
Case Specifier                     : Maintain
Slice Utilization Ratio            : 100
BRAM Utilization Ratio             : 100
DSP48 Utilization Ratio            : 100
Auto BRAM Packing                  : NO
Slice Utilization Ratio Delta      : 5

=========================================================================


=========================================================================
*                          HDL Parsing                                  *
=========================================================================
Analyzing Verilog file "D:\Workspace\CECS 225\Lab5_RegisterFile\regfile.v" into library work
Parsing module <regfile>.

=========================================================================
*                            HDL Elaboration                            *
=========================================================================

Elaborating module <regfile>.

=========================================================================
*                           HDL Synthesis                               *
=========================================================================

Synthesizing Unit <regfile>.
    Related source file is "D:\Workspace\CECS 225\Lab5_RegisterFile\regfile.v".
    Found 32x32-bit dual-port RAM <Mram_rf> for signal <rf>.
    Summary:
	inferred   2 RAM(s).
	inferred   2 Multiplexer(s).
Unit <regfile> synthesized.

=========================================================================
HDL Synthesis Report

Macro Statistics
# RAMs                                                 : 2
 32x32-bit dual-port RAM                               : 2
# Multiplexers                                         : 2
 32-bit 2-to-1 multiplexer                             : 2

=========================================================================

=========================================================================
*                       Advanced HDL Synthesis                          *
=========================================================================


Synthesizing (advanced) Unit <regfile>.
INFO:Xst:3218 - HDL ADVISOR - The RAM <Mram_rf> will be implemented on LUTs either because you have described an asynchronous read or because of currently unsupported block RAM features. If you have described an asynchronous read, making it synchronous would allow you to take advantage of available block RAM resources, for optimized device usage and improved timings. Please refer to your documentation for coding guidelines.
    -----------------------------------------------------------------------
    | ram_type           | Distributed                         |          |
    -----------------------------------------------------------------------
    | Port A                                                              |
    |     aspect ratio   | 32-word x 32-bit                    |          |
    |     clkA           | connected to signal <clk>           | fall     |
    |     weA            | connected to signal <we3>           | high     |
    |     addrA          | connected to signal <wa3>           |          |
    |     diA            | connected to signal <wd3>           |          |
    -----------------------------------------------------------------------
    | Port B                                                              |
    |     aspect ratio   | 32-word x 32-bit                    |          |
    |     addrB          | connected to signal <ra1>           |          |
    |     doB            | connected to internal node          |          |
    -----------------------------------------------------------------------
INFO:Xst:3218 - HDL ADVISOR - The RAM <Mram_rf1> will be implemented on LUTs either because you have described an asynchronous read or because of currently unsupported block RAM features. If you have described an asynchronous read, making it synchronous would allow you to take advantage of available block RAM resources, for optimized device usage and improved timings. Please refer to your documentation for coding guidelines.
    -----------------------------------------------------------------------
    | ram_type           | Distributed                         |          |
    -----------------------------------------------------------------------
    | Port A                                                              |
    |     aspect ratio   | 32-word x 32-bit                    |          |
    |     clkA           | connected to signal <clk>           | fall     |
    |     weA            | connected to signal <we3>           | high     |
    |     addrA          | connected to signal <wa3>           |          |
    |     diA            | connected to signal <wd3>           |          |
    -----------------------------------------------------------------------
    | Port B                                                              |
    |     aspect ratio   | 32-word x 32-bit                    |          |
    |     addrB          | connected to signal <ra2>           |          |
    |     doB            | connected to internal node          |          |
    -----------------------------------------------------------------------
Unit <regfile> synthesized (advanced).

=========================================================================
Advanced HDL Synthesis Report

Macro Statistics
# RAMs                                                 : 2
 32x32-bit dual-port distributed RAM                   : 2
# Multiplexers                                         : 2
 32-bit 2-to-1 multiplexer                             : 2

=========================================================================

=========================================================================
*                         Low Level Synthesis                           *
=========================================================================

Optimizing unit <regfile> ...

Mapping all equations...
Building and optimizing final netlist ...
Found area constraint ratio of 100 (+ 5) on block regfile, actual ratio is 0.

Final Macro Processing ...

=========================================================================
Final Register Report

Found no macro
=========================================================================

=========================================================================
*                           Partition Report                            *
=========================================================================

Partition Implementation Status
-------------------------------

  No Partitions were found in this design.

-------------------------------

=========================================================================
*                            Design Summary                             *
=========================================================================

Top Level Output File Name         : regfile.ngc

Primitive and Black Box Usage:
------------------------------
# BELS                             : 66
#      GND                         : 1
#      INV                         : 1
#      LUT6                        : 64
# RAMS                             : 14
#      RAM32M                      : 10
#      RAM32X1D                    : 4
# Clock Buffers                    : 1
#      BUFGP                       : 1
# IO Buffers                       : 112
#      IBUF                        : 48
#      OBUF                        : 64

Device utilization summary:
---------------------------

Selected Device : 7a100tcsg324-3 


Slice Logic Utilization: 
 Number of Slice LUTs:                  113  out of  63400     0%  
    Number used as Logic:                65  out of  63400     0%  
    Number used as Memory:               48  out of  19000     0%  
       Number used as RAM:               48

Slice Logic Distribution: 
 Number of LUT Flip Flop pairs used:    113
   Number with an unused Flip Flop:     113  out of    113   100%  
   Number with an unused LUT:             0  out of    113     0%  
   Number of fully used LUT-FF pairs:     0  out of    113     0%  
   Number of unique control sets:         0

IO Utilization: 
 Number of IOs:                         113
 Number of bonded IOBs:                 113  out of    210    53%  

Specific Feature Utilization:
 Number of BUFG/BUFGCTRLs:                1  out of     32     3%  

---------------------------
Partition Resource Summary:
---------------------------

  No Partitions were found in this design.

---------------------------


=========================================================================
Timing Report

NOTE: THESE TIMING NUMBERS ARE ONLY A SYNTHESIS ESTIMATE.
      FOR ACCURATE TIMING INFORMATION PLEASE REFER TO THE TRACE REPORT
      GENERATED AFTER PLACE-and-ROUTE.

Clock Information:
------------------
-----------------------------------+------------------------+-------+
Clock Signal                       | Clock buffer(FF name)  | Load  |
-----------------------------------+------------------------+-------+
clk                                | BUFGP                  | 14    |
-----------------------------------+------------------------+-------+

Asynchronous Control Signals Information:
----------------------------------------
No asynchronous control signals found in this design

Timing Summary:
---------------
Speed Grade: -3

   Minimum period: No path found
   Minimum input arrival time before clock: 0.748ns
   Maximum output required time after clock: 2.439ns
   Maximum combinational path delay: 1.758ns

Timing Details:
---------------
All values displayed in nanoseconds (ns)

=========================================================================
Timing constraint: Default OFFSET IN BEFORE for Clock 'clk'
  Total number of paths / destination ports: 168 / 168
-------------------------------------------------------------------------
Offset:              0.748ns (Levels of Logic = 1)
  Source:            we3 (PAD)
  Destination:       Mram_rf2 (RAM)
  Destination Clock: clk falling

  Data Path: we3 to Mram_rf2
                                Gate     Net
    Cell:in->out      fanout   Delay   Delay  Logical Name (Net Name)
    ----------------------------------------  ------------
     IBUF:I->O            14   0.001   0.339  we3_IBUF (we3_IBUF)
     RAM32M:WE                 0.408          Mram_rf2
    ----------------------------------------
    Total                      0.748ns (0.409ns logic, 0.339ns route)
                                       (54.7% logic, 45.3% route)

=========================================================================
Timing constraint: Default OFFSET OUT AFTER for Clock 'clk'
  Total number of paths / destination ports: 64 / 64
-------------------------------------------------------------------------
Offset:              2.439ns (Levels of Logic = 2)
  Source:            Mram_rf6 (RAM)
  Destination:       rd1<29> (PAD)
  Source Clock:      clk falling

  Data Path: Mram_rf6 to rd1<29>
                                Gate     Net
    Cell:in->out      fanout   Delay   Delay  Logical Name (Net Name)
    ----------------------------------------  ------------
     RAM32M:WCLK->DOC1     1   1.369   0.693  Mram_rf6 (ra1[4]_read_port_3_OUT<29>)
     LUT6:I0->O            1   0.097   0.279  Mmux_rd1221 (rd1_29_OBUF)
     OBUF:I->O                 0.000          rd1_29_OBUF (rd1<29>)
    ----------------------------------------
    Total                      2.439ns (1.466ns logic, 0.973ns route)
                                       (60.1% logic, 39.9% route)

=========================================================================
Timing constraint: Default path analysis
  Total number of paths / destination ports: 640 / 64
-------------------------------------------------------------------------
Delay:               1.758ns (Levels of Logic = 4)
  Source:            ra1<4> (PAD)
  Destination:       rd1<29> (PAD)

  Data Path: ra1<4> to rd1<29>
                                Gate     Net
    Cell:in->out      fanout   Delay   Delay  Logical Name (Net Name)
    ----------------------------------------  ------------
     IBUF:I->O            49   0.001   0.389  ra1_4_IBUF (ra1_4_IBUF)
     RAM32M:ADDRA4->DOA1    1   0.299   0.693  Mram_rf2 (ra1[4]_read_port_3_OUT<1>)
     LUT6:I0->O            1   0.097   0.279  Mmux_rd1121 (rd1_1_OBUF)
     OBUF:I->O                 0.000          rd1_1_OBUF (rd1<1>)
    ----------------------------------------
    Total                      1.758ns (0.397ns logic, 1.361ns route)
                                       (22.6% logic, 77.4% route)

=========================================================================

Cross Clock Domains Report:
--------------------------

=========================================================================


Total REAL time to Xst completion: 11.00 secs
Total CPU time to Xst completion: 11.46 secs
 
--> 

Total memory usage is 482444 kilobytes

Number of errors   :    0 (   0 filtered)
Number of warnings :    0 (   0 filtered)
Number of infos    :    2 (   0 filtered)

