ISim log file
Running: D:\Workspace\CECS 225\Lab7_MIPS_Processor\top_tester_isim_beh.exe -intstyle ise -gui -tclbatch isim.cmd -wdb D:/Workspace/CECS 225/Lab7_MIPS_Processor/top_tester_isim_beh.wdb 
ISim P.20131013 (signature 0x7708f090)
This is a Full version of ISim.
Time resolution is 1 ps
# onerror resume
# wave add /
# run 1000 ns
Simulator is doing circuit initialization process.
Finished circuit initialization process.
ISim P.20131013 (signature 0x7708f090)
This is a Full version of ISim.
# run 1000 ns
Simulator is doing circuit initialization process.
Finished circuit initialization process.
ISim P.20131013 (signature 0x7708f090)
This is a Full version of ISim.
# run 1000 ns
Simulator is doing circuit initialization process.
Finished circuit initialization process.
ISim P.20131013 (signature 0x7708f090)
This is a Full version of ISim.
# run 1000 ns
Simulator is doing circuit initialization process.
Finished circuit initialization process.
ISim P.20131013 (signature 0x7708f090)
This is a Full version of ISim.
# run 1000 ns
Simulator is doing circuit initialization process.
Finished circuit initialization process.
Simulation succeeded
Stopped at time : 175 ns(1) :  in File "D:/Workspace/CECS 225/Lab7_MIPS_Processor/top_tester.v" Line 39 
